<?xml version="1.0" encoding="UTF-8"?>
<testsuite name="com.blz.lambda.UserValidationTest" tests="5" skipped="0" failures="0" errors="0" timestamp="2022-01-22T10:00:55" hostname="DESKTOP-DN56027" time="0.058">
  <properties/>
  <testcase name="email_Validation()" classname="com.blz.lambda.UserValidationTest" time="0.043"/>
  <testcase name="password_Validation()" classname="com.blz.lambda.UserValidationTest" time="0.002"/>
  <testcase name="firstName_Validation()" classname="com.blz.lambda.UserValidationTest" time="0.002"/>
  <testcase name="lastName_Validation()" classname="com.blz.lambda.UserValidationTest" time="0.001"/>
  <testcase name="phoneNumber_Validation()" classname="com.blz.lambda.UserValidationTest" time="0.001"/>
  <system-out><![CDATA[]]></system-out>
  <system-err><![CDATA[]]></system-err>
</testsuite>
